[2025-08-06T02:28:19.952+0000] {local_task_job_runner.py:120} INFO - ::group::Pre task execution logs
[2025-08-06T02:28:19.969+0000] {taskinstance.py:2076} INFO - Dependencies all met for dep_context=non-requeueable deps ti=<TaskInstance: mysql_to_s3_metadata_dag.upload_holiday_events manual__2025-08-06T02:28:15.789505+00:00 [queued]>
[2025-08-06T02:28:19.974+0000] {taskinstance.py:2076} INFO - Dependencies all met for dep_context=requeueable deps ti=<TaskInstance: mysql_to_s3_metadata_dag.upload_holiday_events manual__2025-08-06T02:28:15.789505+00:00 [queued]>
[2025-08-06T02:28:19.974+0000] {taskinstance.py:2306} INFO - Starting attempt 1 of 1
[2025-08-06T02:28:19.981+0000] {taskinstance.py:2330} INFO - Executing <Task(PythonOperator): upload_holiday_events> on 2025-08-06 02:28:15.789505+00:00
[2025-08-06T02:28:20.003+0000] {logging_mixin.py:188} WARNING - /home/***/.local/lib/python3.12/site-packages/***/task/task_runner/standard_task_runner.py:61 DeprecationWarning: This process (pid=652) is multi-threaded, use of fork() may lead to deadlocks in the child.
[2025-08-06T02:28:20.009+0000] {standard_task_runner.py:63} INFO - Started process 658 to run task
[2025-08-06T02:28:20.007+0000] {standard_task_runner.py:90} INFO - Running: ['***', 'tasks', 'run', 'mysql_to_s3_metadata_dag', 'upload_holiday_events', 'manual__2025-08-06T02:28:15.789505+00:00', '--job-id', '18', '--raw', '--subdir', 'DAGS_FOLDER/extract/mysql_to_s3_dag.py', '--cfg-path', '/tmp/tmphlbz_drd']
[2025-08-06T02:28:20.010+0000] {standard_task_runner.py:91} INFO - Job 18: Subtask upload_holiday_events
[2025-08-06T02:28:20.029+0000] {logging_mixin.py:188} WARNING - /home/***/.local/lib/python3.12/site-packages/***/settings.py:195 DeprecationWarning: The sql_alchemy_conn option in [core] has been moved to the sql_alchemy_conn option in [database] - the old setting has been used, but please update your config.
[2025-08-06T02:28:20.060+0000] {task_command.py:426} INFO - Running <TaskInstance: mysql_to_s3_metadata_dag.upload_holiday_events manual__2025-08-06T02:28:15.789505+00:00 [running]> on host 3bffe12d583b
[2025-08-06T02:28:20.122+0000] {taskinstance.py:2648} INFO - Exporting env vars: AIRFLOW_CTX_DAG_OWNER='***' AIRFLOW_CTX_DAG_ID='mysql_to_s3_metadata_dag' AIRFLOW_CTX_TASK_ID='upload_holiday_events' AIRFLOW_CTX_EXECUTION_DATE='2025-08-06T02:28:15.789505+00:00' AIRFLOW_CTX_TRY_NUMBER='1' AIRFLOW_CTX_DAG_RUN_ID='manual__2025-08-06T02:28:15.789505+00:00'
[2025-08-06T02:28:20.123+0000] {taskinstance.py:430} INFO - ::endgroup::
[2025-08-06T02:28:20.147+0000] {base.py:84} INFO - Using connection ID 'aws_default' for task execution.
[2025-08-06T02:28:20.150+0000] {connection_wrapper.py:384} INFO - AWS Connection (conn_id='aws_default', conn_type='aws') credentials retrieved from login and password.
[2025-08-06T02:28:20.151+0000] {connection_wrapper.py:401} INFO - AWS Connection (conn_id='aws_default', conn_type='aws') session token retrieved from extra, please note you are responsible for renewing these.
[2025-08-06T02:28:21.418+0000] {logging_mixin.py:188} INFO - Uploaded /opt/***/temp/holiday_events.csv to s3://raw/holiday_events.csv
[2025-08-06T02:28:21.423+0000] {python.py:237} INFO - Done. Returned value was: None
[2025-08-06T02:28:21.424+0000] {taskinstance.py:441} INFO - ::group::Post task execution logs
[2025-08-06T02:28:21.441+0000] {taskinstance.py:1206} INFO - Marking task as SUCCESS. dag_id=mysql_to_s3_metadata_dag, task_id=upload_holiday_events, run_id=manual__2025-08-06T02:28:15.789505+00:00, execution_date=20250806T022815, start_date=20250806T022819, end_date=20250806T022821
[2025-08-06T02:28:21.476+0000] {local_task_job_runner.py:240} INFO - Task exited with return code 0
[2025-08-06T02:28:21.522+0000] {taskinstance.py:3498} INFO - 0 downstream tasks scheduled from follow-on schedule check
[2025-08-06T02:28:21.525+0000] {local_task_job_runner.py:222} INFO - ::endgroup::
