[2025-08-06T02:28:19.954+0000] {local_task_job_runner.py:120} INFO - ::group::Pre task execution logs
[2025-08-06T02:28:19.969+0000] {taskinstance.py:2076} INFO - Dependencies all met for dep_context=non-requeueable deps ti=<TaskInstance: mysql_to_s3_metadata_dag.upload_oil manual__2025-08-06T02:28:15.789505+00:00 [queued]>
[2025-08-06T02:28:19.975+0000] {taskinstance.py:2076} INFO - Dependencies all met for dep_context=requeueable deps ti=<TaskInstance: mysql_to_s3_metadata_dag.upload_oil manual__2025-08-06T02:28:15.789505+00:00 [queued]>
[2025-08-06T02:28:19.976+0000] {taskinstance.py:2306} INFO - Starting attempt 1 of 1
[2025-08-06T02:28:19.984+0000] {taskinstance.py:2330} INFO - Executing <Task(PythonOperator): upload_oil> on 2025-08-06 02:28:15.789505+00:00
[2025-08-06T02:28:20.003+0000] {logging_mixin.py:188} WARNING - /home/***/.local/lib/python3.12/site-packages/***/task/task_runner/standard_task_runner.py:61 DeprecationWarning: This process (pid=648) is multi-threaded, use of fork() may lead to deadlocks in the child.
[2025-08-06T02:28:20.007+0000] {standard_task_runner.py:63} INFO - Started process 659 to run task
[2025-08-06T02:28:20.003+0000] {standard_task_runner.py:90} INFO - Running: ['***', 'tasks', 'run', 'mysql_to_s3_metadata_dag', 'upload_oil', 'manual__2025-08-06T02:28:15.789505+00:00', '--job-id', '19', '--raw', '--subdir', 'DAGS_FOLDER/extract/mysql_to_s3_dag.py', '--cfg-path', '/tmp/tmppsyeom74']
[2025-08-06T02:28:20.009+0000] {standard_task_runner.py:91} INFO - Job 19: Subtask upload_oil
[2025-08-06T02:28:20.029+0000] {logging_mixin.py:188} WARNING - /home/***/.local/lib/python3.12/site-packages/***/settings.py:195 DeprecationWarning: The sql_alchemy_conn option in [core] has been moved to the sql_alchemy_conn option in [database] - the old setting has been used, but please update your config.
[2025-08-06T02:28:20.061+0000] {task_command.py:426} INFO - Running <TaskInstance: mysql_to_s3_metadata_dag.upload_oil manual__2025-08-06T02:28:15.789505+00:00 [running]> on host 3bffe12d583b
[2025-08-06T02:28:20.119+0000] {taskinstance.py:2648} INFO - Exporting env vars: AIRFLOW_CTX_DAG_OWNER='***' AIRFLOW_CTX_DAG_ID='mysql_to_s3_metadata_dag' AIRFLOW_CTX_TASK_ID='upload_oil' AIRFLOW_CTX_EXECUTION_DATE='2025-08-06T02:28:15.789505+00:00' AIRFLOW_CTX_TRY_NUMBER='1' AIRFLOW_CTX_DAG_RUN_ID='manual__2025-08-06T02:28:15.789505+00:00'
[2025-08-06T02:28:20.120+0000] {taskinstance.py:430} INFO - ::endgroup::
[2025-08-06T02:28:20.144+0000] {base.py:84} INFO - Using connection ID 'aws_default' for task execution.
[2025-08-06T02:28:20.145+0000] {connection_wrapper.py:384} INFO - AWS Connection (conn_id='aws_default', conn_type='aws') credentials retrieved from login and password.
[2025-08-06T02:28:20.146+0000] {connection_wrapper.py:401} INFO - AWS Connection (conn_id='aws_default', conn_type='aws') session token retrieved from extra, please note you are responsible for renewing these.
[2025-08-06T02:28:21.406+0000] {logging_mixin.py:188} INFO - Uploaded /opt/***/temp/oil.csv to s3://raw/oil.csv
[2025-08-06T02:28:21.410+0000] {python.py:237} INFO - Done. Returned value was: None
[2025-08-06T02:28:21.411+0000] {taskinstance.py:441} INFO - ::group::Post task execution logs
[2025-08-06T02:28:21.436+0000] {taskinstance.py:1206} INFO - Marking task as SUCCESS. dag_id=mysql_to_s3_metadata_dag, task_id=upload_oil, run_id=manual__2025-08-06T02:28:15.789505+00:00, execution_date=20250806T022815, start_date=20250806T022819, end_date=20250806T022821
[2025-08-06T02:28:21.477+0000] {local_task_job_runner.py:240} INFO - Task exited with return code 0
[2025-08-06T02:28:21.504+0000] {local_task_job_runner.py:222} INFO - ::endgroup::
