[2025-08-07T00:25:40.627+0000] {local_task_job_runner.py:120} INFO - ::group::Pre task execution logs
[2025-08-07T00:25:40.644+0000] {taskinstance.py:2076} INFO - Dependencies all met for dep_context=non-requeueable deps ti=<TaskInstance: s3_to_snowflake_loader.load_stores_to_snowflake manual__2025-08-07T00:25:37.364800+00:00 [queued]>
[2025-08-07T00:25:40.651+0000] {taskinstance.py:2076} INFO - Dependencies all met for dep_context=requeueable deps ti=<TaskInstance: s3_to_snowflake_loader.load_stores_to_snowflake manual__2025-08-07T00:25:37.364800+00:00 [queued]>
[2025-08-07T00:25:40.651+0000] {taskinstance.py:2306} INFO - Starting attempt 1 of 1
[2025-08-07T00:25:40.667+0000] {taskinstance.py:2330} INFO - Executing <Task(SnowflakeOperator): load_stores_to_snowflake> on 2025-08-07 00:25:37.364800+00:00
[2025-08-07T00:25:40.684+0000] {logging_mixin.py:188} WARNING - /home/***/.local/lib/python3.12/site-packages/***/task/task_runner/standard_task_runner.py:61 DeprecationWarning: This process (pid=8529) is multi-threaded, use of fork() may lead to deadlocks in the child.
[2025-08-07T00:25:40.688+0000] {standard_task_runner.py:63} INFO - Started process 8542 to run task
[2025-08-07T00:25:40.695+0000] {standard_task_runner.py:90} INFO - Running: ['***', 'tasks', 'run', 's3_to_snowflake_loader', 'load_stores_to_snowflake', 'manual__2025-08-07T00:25:37.364800+00:00', '--job-id', '81', '--raw', '--subdir', 'DAGS_FOLDER/load/s3_to_snowflake_loader.py', '--cfg-path', '/tmp/tmpmj3s_vv9']
[2025-08-07T00:25:40.700+0000] {standard_task_runner.py:91} INFO - Job 81: Subtask load_stores_to_snowflake
[2025-08-07T00:25:40.719+0000] {logging_mixin.py:188} WARNING - /home/***/.local/lib/python3.12/site-packages/***/settings.py:195 DeprecationWarning: The sql_alchemy_conn option in [core] has been moved to the sql_alchemy_conn option in [database] - the old setting has been used, but please update your config.
[2025-08-07T00:25:40.763+0000] {task_command.py:426} INFO - Running <TaskInstance: s3_to_snowflake_loader.load_stores_to_snowflake manual__2025-08-07T00:25:37.364800+00:00 [running]> on host 3bffe12d583b
[2025-08-07T00:25:40.895+0000] {taskinstance.py:2648} INFO - Exporting env vars: AIRFLOW_CTX_DAG_OWNER='***' AIRFLOW_CTX_DAG_ID='s3_to_snowflake_loader' AIRFLOW_CTX_TASK_ID='load_stores_to_snowflake' AIRFLOW_CTX_EXECUTION_DATE='2025-08-07T00:25:37.364800+00:00' AIRFLOW_CTX_TRY_NUMBER='1' AIRFLOW_CTX_DAG_RUN_ID='manual__2025-08-07T00:25:37.364800+00:00'
[2025-08-07T00:25:40.897+0000] {taskinstance.py:430} INFO - ::endgroup::
[2025-08-07T00:25:40.926+0000] {sql.py:276} INFO - Executing: 
            COPY INTO RAW_STORES
            FROM 's3://favorita-retail-pipeline/raw/stores.csv'
            CREDENTIALS = (
                AWS_KEY_ID= 'ASIAVX5O2PQE4CISITBL',
                AWS_SECRET_KEY= '***',
                AWS_TOKEN= '***'
            )
            FILE_FORMAT = (TYPE = 'CSV' FIELD_OPTIONALLY_ENCLOSED_BY = '"' SKIP_HEADER = 1);
            
[2025-08-07T00:25:40.943+0000] {base.py:84} INFO - Using connection ID 'snowflake_conn_id' for task execution.
[2025-08-07T00:25:40.968+0000] {base.py:84} INFO - Using connection ID 'snowflake_conn_id' for task execution.
[2025-08-07T00:25:40.971+0000] {connection.py:399} INFO - Snowflake Connector for Python Version: 3.10.0, Python Version: 3.12.3, Platform: Linux-6.10.14-linuxkit-aarch64-with-glibc2.36
[2025-08-07T00:25:40.978+0000] {connection.py:1239} INFO - This connection is in OCSP Fail Open Mode. TLS Certificates would be checked for validity and revocation status. Any other Certificate Revocation related exceptions or OCSP Responder failures would be disregarded in favor of connectivity.
[2025-08-07T00:25:41.690+0000] {cursor.py:1149} INFO - Number of results in first chunk: 1
[2025-08-07T00:25:41.691+0000] {sql.py:470} INFO - Running statement: COPY INTO RAW_STORES
            FROM 's3://favorita-retail-pipeline/raw/stores.csv'
            CREDENTIALS = (
                AWS_KEY_ID= 'ASIAVX5O2PQE4CISITBL',
                AWS_SECRET_KEY= '***',
                AWS_TOKEN= '***'
            )
            FILE_FORMAT = (TYPE = 'CSV' FIELD_OPTIONALLY_ENCLOSED_BY = '"' SKIP_HEADER = 1);, parameters: None
[2025-08-07T00:25:42.739+0000] {cursor.py:1149} INFO - Number of results in first chunk: 1
[2025-08-07T00:25:42.742+0000] {sql.py:479} INFO - Rows affected: 1
[2025-08-07T00:25:42.750+0000] {snowflake.py:407} INFO - Rows affected: 1
[2025-08-07T00:25:42.750+0000] {snowflake.py:408} INFO - Snowflake query id: 01be32f9-0000-2945-0000-003d698b6389
[2025-08-07T00:25:42.956+0000] {cursor.py:1149} INFO - Number of results in first chunk: 1
[2025-08-07T00:25:42.959+0000] {connection.py:762} INFO - closed
[2025-08-07T00:25:43.056+0000] {connection.py:768} INFO - No async queries seem to be running, deleting session
[2025-08-07T00:25:43.119+0000] {taskinstance.py:441} INFO - ::group::Post task execution logs
[2025-08-07T00:25:43.219+0000] {taskinstance.py:1206} INFO - Marking task as SUCCESS. dag_id=s3_to_snowflake_loader, task_id=load_stores_to_snowflake, run_id=manual__2025-08-07T00:25:37.364800+00:00, execution_date=20250807T002537, start_date=20250807T002540, end_date=20250807T002543
[2025-08-07T00:25:43.265+0000] {local_task_job_runner.py:240} INFO - Task exited with return code 0
[2025-08-07T00:25:43.291+0000] {local_task_job_runner.py:222} INFO - ::endgroup::
