[2025-08-06T16:18:23.925+0000] {local_task_job_runner.py:120} INFO - ::group::Pre task execution logs
[2025-08-06T16:18:23.935+0000] {taskinstance.py:2076} INFO - Dependencies all met for dep_context=non-requeueable deps ti=<TaskInstance: mysql_to_s3_metadata_dag.upload_holiday_events manual__2025-08-06T16:04:44.805420+00:00 [queued]>
[2025-08-06T16:18:23.939+0000] {taskinstance.py:2076} INFO - Dependencies all met for dep_context=requeueable deps ti=<TaskInstance: mysql_to_s3_metadata_dag.upload_holiday_events manual__2025-08-06T16:04:44.805420+00:00 [queued]>
[2025-08-06T16:18:23.939+0000] {taskinstance.py:2306} INFO - Starting attempt 2 of 2
[2025-08-06T16:18:23.943+0000] {taskinstance.py:2330} INFO - Executing <Task(PythonOperator): upload_holiday_events> on 2025-08-06 16:04:44.805420+00:00
[2025-08-06T16:18:23.951+0000] {logging_mixin.py:188} WARNING - /home/***/.local/lib/python3.12/site-packages/***/task/task_runner/standard_task_runner.py:61 DeprecationWarning: This process (pid=807) is multi-threaded, use of fork() may lead to deadlocks in the child.
[2025-08-06T16:18:23.953+0000] {standard_task_runner.py:63} INFO - Started process 809 to run task
[2025-08-06T16:18:23.953+0000] {standard_task_runner.py:90} INFO - Running: ['***', 'tasks', 'run', 'mysql_to_s3_metadata_dag', 'upload_holiday_events', 'manual__2025-08-06T16:04:44.805420+00:00', '--job-id', '67', '--raw', '--subdir', 'DAGS_FOLDER/extract/mysql_to_s3_dag.py', '--cfg-path', '/tmp/tmpfmpwf9__']
[2025-08-06T16:18:23.955+0000] {standard_task_runner.py:91} INFO - Job 67: Subtask upload_holiday_events
[2025-08-06T16:18:23.962+0000] {logging_mixin.py:188} WARNING - /home/***/.local/lib/python3.12/site-packages/***/settings.py:195 DeprecationWarning: The sql_alchemy_conn option in [core] has been moved to the sql_alchemy_conn option in [database] - the old setting has been used, but please update your config.
[2025-08-06T16:18:23.989+0000] {task_command.py:426} INFO - Running <TaskInstance: mysql_to_s3_metadata_dag.upload_holiday_events manual__2025-08-06T16:04:44.805420+00:00 [running]> on host 3bffe12d583b
[2025-08-06T16:18:24.038+0000] {taskinstance.py:2648} INFO - Exporting env vars: AIRFLOW_CTX_DAG_OWNER='***' AIRFLOW_CTX_DAG_ID='mysql_to_s3_metadata_dag' AIRFLOW_CTX_TASK_ID='upload_holiday_events' AIRFLOW_CTX_EXECUTION_DATE='2025-08-06T16:04:44.805420+00:00' AIRFLOW_CTX_TRY_NUMBER='2' AIRFLOW_CTX_DAG_RUN_ID='manual__2025-08-06T16:04:44.805420+00:00'
[2025-08-06T16:18:24.038+0000] {taskinstance.py:430} INFO - ::endgroup::
[2025-08-06T16:18:24.056+0000] {base.py:84} INFO - Using connection ID 'aws_default' for task execution.
[2025-08-06T16:18:24.056+0000] {connection_wrapper.py:384} INFO - AWS Connection (conn_id='aws_default', conn_type='aws') credentials retrieved from login and password.
[2025-08-06T16:18:24.056+0000] {connection_wrapper.py:401} INFO - AWS Connection (conn_id='aws_default', conn_type='aws') session token retrieved from extra, please note you are responsible for renewing these.
[2025-08-06T16:18:42.695+0000] {logging_mixin.py:188} INFO - Uploaded /opt/***/temp/holiday_events.csv to s3://raw/holiday_events.csv
[2025-08-06T16:18:42.701+0000] {python.py:237} INFO - Done. Returned value was: None
[2025-08-06T16:18:42.702+0000] {taskinstance.py:441} INFO - ::group::Post task execution logs
[2025-08-06T16:18:42.715+0000] {taskinstance.py:1206} INFO - Marking task as SUCCESS. dag_id=mysql_to_s3_metadata_dag, task_id=upload_holiday_events, run_id=manual__2025-08-06T16:04:44.805420+00:00, execution_date=20250806T160444, start_date=20250806T161823, end_date=20250806T161842
[2025-08-06T16:18:42.753+0000] {local_task_job_runner.py:240} INFO - Task exited with return code 0
[2025-08-06T16:18:42.768+0000] {taskinstance.py:3498} INFO - 0 downstream tasks scheduled from follow-on schedule check
[2025-08-06T16:18:42.769+0000] {local_task_job_runner.py:222} INFO - ::endgroup::
