[2025-08-06T02:34:05.264+0000] {local_task_job_runner.py:120} INFO - ::group::Pre task execution logs
[2025-08-06T02:34:05.274+0000] {taskinstance.py:2076} INFO - Dependencies all met for dep_context=non-requeueable deps ti=<TaskInstance: mysql_to_s3_metadata_dag.extract_oil manual__2025-08-06T02:34:02.987402+00:00 [queued]>
[2025-08-06T02:34:05.277+0000] {taskinstance.py:2076} INFO - Dependencies all met for dep_context=requeueable deps ti=<TaskInstance: mysql_to_s3_metadata_dag.extract_oil manual__2025-08-06T02:34:02.987402+00:00 [queued]>
[2025-08-06T02:34:05.278+0000] {taskinstance.py:2306} INFO - Starting attempt 1 of 1
[2025-08-06T02:34:05.283+0000] {taskinstance.py:2330} INFO - Executing <Task(PythonOperator): extract_oil> on 2025-08-06 02:34:02.987402+00:00
[2025-08-06T02:34:05.298+0000] {logging_mixin.py:188} WARNING - /home/***/.local/lib/python3.12/site-packages/***/task/task_runner/standard_task_runner.py:61 DeprecationWarning: This process (pid=742) is multi-threaded, use of fork() may lead to deadlocks in the child.
[2025-08-06T02:34:05.303+0000] {standard_task_runner.py:63} INFO - Started process 750 to run task
[2025-08-06T02:34:05.301+0000] {standard_task_runner.py:90} INFO - Running: ['***', 'tasks', 'run', 'mysql_to_s3_metadata_dag', 'extract_oil', 'manual__2025-08-06T02:34:02.987402+00:00', '--job-id', '22', '--raw', '--subdir', 'DAGS_FOLDER/extract/mysql_to_s3_dag.py', '--cfg-path', '/tmp/tmpogsvjws6']
[2025-08-06T02:34:05.304+0000] {standard_task_runner.py:91} INFO - Job 22: Subtask extract_oil
[2025-08-06T02:34:05.328+0000] {logging_mixin.py:188} WARNING - /home/***/.local/lib/python3.12/site-packages/***/settings.py:195 DeprecationWarning: The sql_alchemy_conn option in [core] has been moved to the sql_alchemy_conn option in [database] - the old setting has been used, but please update your config.
[2025-08-06T02:34:05.377+0000] {task_command.py:426} INFO - Running <TaskInstance: mysql_to_s3_metadata_dag.extract_oil manual__2025-08-06T02:34:02.987402+00:00 [running]> on host 3bffe12d583b
[2025-08-06T02:34:05.457+0000] {taskinstance.py:2648} INFO - Exporting env vars: AIRFLOW_CTX_DAG_OWNER='***' AIRFLOW_CTX_DAG_ID='mysql_to_s3_metadata_dag' AIRFLOW_CTX_TASK_ID='extract_oil' AIRFLOW_CTX_EXECUTION_DATE='2025-08-06T02:34:02.987402+00:00' AIRFLOW_CTX_TRY_NUMBER='1' AIRFLOW_CTX_DAG_RUN_ID='manual__2025-08-06T02:34:02.987402+00:00'
[2025-08-06T02:34:05.458+0000] {taskinstance.py:430} INFO - ::endgroup::
[2025-08-06T02:34:05.479+0000] {base.py:84} INFO - Using connection ID 'mysql_local' for task execution.
[2025-08-06T02:34:05.489+0000] {logging_mixin.py:188} WARNING - /home/***/.local/lib/python3.12/site-packages/***/providers/common/sql/hooks/sql.py:243 UserWarning: pandas only supports SQLAlchemy connectable (engine/connection) or database string URI or sqlite3 DBAPI2 connection. Other DBAPI2 objects are not tested. Please consider using SQLAlchemy.
[2025-08-06T02:34:05.511+0000] {logging_mixin.py:188} INFO - Extracted oil to /opt/***/temp/oil.csv
[2025-08-06T02:34:05.512+0000] {python.py:237} INFO - Done. Returned value was: /opt/***/temp/oil.csv
[2025-08-06T02:34:05.512+0000] {taskinstance.py:441} INFO - ::group::Post task execution logs
[2025-08-06T02:34:05.531+0000] {taskinstance.py:1206} INFO - Marking task as SUCCESS. dag_id=mysql_to_s3_metadata_dag, task_id=extract_oil, run_id=manual__2025-08-06T02:34:02.987402+00:00, execution_date=20250806T023402, start_date=20250806T023405, end_date=20250806T023405
[2025-08-06T02:34:05.566+0000] {local_task_job_runner.py:240} INFO - Task exited with return code 0
[2025-08-06T02:34:05.576+0000] {local_task_job_runner.py:222} INFO - ::endgroup::
