[2025-08-06T02:15:47.727+0000] {local_task_job_runner.py:120} INFO - ::group::Pre task execution logs
[2025-08-06T02:15:47.735+0000] {taskinstance.py:2076} INFO - Dependencies all met for dep_context=non-requeueable deps ti=<TaskInstance: mysql_to_s3_metadata_dag.upload_oil manual__2025-08-06T02:15:42.637423+00:00 [queued]>
[2025-08-06T02:15:47.740+0000] {taskinstance.py:2076} INFO - Dependencies all met for dep_context=requeueable deps ti=<TaskInstance: mysql_to_s3_metadata_dag.upload_oil manual__2025-08-06T02:15:42.637423+00:00 [queued]>
[2025-08-06T02:15:47.741+0000] {taskinstance.py:2306} INFO - Starting attempt 1 of 1
[2025-08-06T02:15:47.755+0000] {taskinstance.py:2330} INFO - Executing <Task(PythonOperator): upload_oil> on 2025-08-06 02:15:42.637423+00:00
[2025-08-06T02:15:47.764+0000] {logging_mixin.py:188} WARNING - /home/***/.local/lib/python3.12/site-packages/***/task/task_runner/standard_task_runner.py:61 DeprecationWarning: This process (pid=460) is multi-threaded, use of fork() may lead to deadlocks in the child.
[2025-08-06T02:15:47.765+0000] {standard_task_runner.py:63} INFO - Started process 471 to run task
[2025-08-06T02:15:47.764+0000] {standard_task_runner.py:90} INFO - Running: ['***', 'tasks', 'run', 'mysql_to_s3_metadata_dag', 'upload_oil', 'manual__2025-08-06T02:15:42.637423+00:00', '--job-id', '10', '--raw', '--subdir', 'DAGS_FOLDER/extract/mysql_to_s3_dag.py', '--cfg-path', '/tmp/tmpc7_97kjw']
[2025-08-06T02:15:47.766+0000] {standard_task_runner.py:91} INFO - Job 10: Subtask upload_oil
[2025-08-06T02:15:47.775+0000] {logging_mixin.py:188} WARNING - /home/***/.local/lib/python3.12/site-packages/***/settings.py:195 DeprecationWarning: The sql_alchemy_conn option in [core] has been moved to the sql_alchemy_conn option in [database] - the old setting has been used, but please update your config.
[2025-08-06T02:15:47.796+0000] {task_command.py:426} INFO - Running <TaskInstance: mysql_to_s3_metadata_dag.upload_oil manual__2025-08-06T02:15:42.637423+00:00 [running]> on host 3bffe12d583b
[2025-08-06T02:15:47.838+0000] {taskinstance.py:2648} INFO - Exporting env vars: AIRFLOW_CTX_DAG_OWNER='***' AIRFLOW_CTX_DAG_ID='mysql_to_s3_metadata_dag' AIRFLOW_CTX_TASK_ID='upload_oil' AIRFLOW_CTX_EXECUTION_DATE='2025-08-06T02:15:42.637423+00:00' AIRFLOW_CTX_TRY_NUMBER='1' AIRFLOW_CTX_DAG_RUN_ID='manual__2025-08-06T02:15:42.637423+00:00'
[2025-08-06T02:15:47.839+0000] {taskinstance.py:430} INFO - ::endgroup::
[2025-08-06T02:15:47.855+0000] {base.py:84} INFO - Using connection ID 'aws_default' for task execution.
[2025-08-06T02:15:47.855+0000] {connection_wrapper.py:384} INFO - AWS Connection (conn_id='aws_default', conn_type='aws') credentials retrieved from login and password.
[2025-08-06T02:15:47.856+0000] {connection_wrapper.py:401} INFO - AWS Connection (conn_id='aws_default', conn_type='aws') session token retrieved from extra, please note you are responsible for renewing these.
[2025-08-06T02:15:49.059+0000] {logging_mixin.py:188} INFO - Uploaded /opt/***/temp/oil.csv to s3://raw/oil.csv
[2025-08-06T02:15:49.062+0000] {python.py:237} INFO - Done. Returned value was: None
[2025-08-06T02:15:49.064+0000] {taskinstance.py:441} INFO - ::group::Post task execution logs
[2025-08-06T02:15:49.085+0000] {taskinstance.py:1206} INFO - Marking task as SUCCESS. dag_id=mysql_to_s3_metadata_dag, task_id=upload_oil, run_id=manual__2025-08-06T02:15:42.637423+00:00, execution_date=20250806T021542, start_date=20250806T021547, end_date=20250806T021549
[2025-08-06T02:15:49.127+0000] {local_task_job_runner.py:240} INFO - Task exited with return code 0
[2025-08-06T02:15:49.151+0000] {local_task_job_runner.py:222} INFO - ::endgroup::
